\BOOKMARK [0][-]{chapter.1}{Introduction}{}% 1
\BOOKMARK [1][-]{section.1.1}{Contributions}{chapter.1}% 2
\BOOKMARK [1][-]{section.1.2}{Organization}{chapter.1}% 3
\BOOKMARK [0][-]{chapter.2}{Light Field Photography}{}% 4
\BOOKMARK [1][-]{section.2.1}{Light Field Photography in the History}{chapter.2}% 5
\BOOKMARK [1][-]{section.2.2}{Light Field Acquisition Settings}{chapter.2}% 6
\BOOKMARK [1][-]{section.2.3}{Typical applications for the Light Field Theory}{chapter.2}% 7
\BOOKMARK [1][-]{section.2.4}{Geometric proxy: Stereo Vision and multiview Epipolar Geometry}{chapter.2}% 8
\BOOKMARK [2][-]{subsection.2.4.1}{Epipolar constraint}{section.2.4}% 9
\BOOKMARK [2][-]{subsection.2.4.2}{Bolles feature tracking technique and experimental setup}{section.2.4}% 10
\BOOKMARK [2][-]{subsection.2.4.3}{Functional analysis approach to EPI}{section.2.4}% 11
\BOOKMARK [2][-]{subsection.2.4.4}{Geometrical Approach to EPI}{section.2.4}% 12
\BOOKMARK [1][-]{section.2.5}{Physical and computational setup for sparse acquisition of epipolar plane}{chapter.2}% 13
\BOOKMARK [2][-]{subsection.2.5.1}{Physical setup and sampling rate}{section.2.5}% 14
\BOOKMARK [2][-]{subsection.2.5.2}{Followed pipeline}{section.2.5}% 15
\BOOKMARK [2][-]{subsection.2.5.3}{Geometric construction of epipolar lines}{section.2.5}% 16
\BOOKMARK [2][-]{subsection.2.5.4}{Tracking point algorithms}{section.2.5}% 17
\BOOKMARK [2][-]{subsection.2.5.5}{Procedure for tracking and painting the EPIs}{section.2.5}% 18
\BOOKMARK [0][-]{chapter.3}{Shearlets}{}% 19
\BOOKMARK [1][-]{section.3.1}{Shearlet Systems and Transform}{chapter.3}% 20
\BOOKMARK [1][-]{section.3.2}{Shearlets as Frames}{chapter.3}% 21
\BOOKMARK [1][-]{section.3.3}{Universal Shearlets and -Shearlets}{chapter.3}% 22
\BOOKMARK [1][-]{section.3.4}{Image inpainting using Shearlet Parseval Frames}{chapter.3}% 23
\BOOKMARK [1][-]{section.3.5}{0-Shearlets}{chapter.3}% 24
\BOOKMARK [0][-]{chapter.4}{Inpainting Sparse Sampled Epipolar-plane and Computing Depth Map}{}% 25
\BOOKMARK [1][-]{section.4.1}{Iterative thresholding algorithm for EPIs inpainting using 0-Shearlets}{chapter.4}% 26
\BOOKMARK [1][-]{section.4.2}{Results of sparse EPIs inpaiting}{chapter.4}% 27
\BOOKMARK [1][-]{section.4.3}{Line detection in inpainted EPIs and depth map computation}{chapter.4}% 28
\BOOKMARK [1][-]{section.4.4}{Performance and results comparison with previews works}{chapter.4}% 29
\BOOKMARK [0][-]{chapter.5}{Conclusion and outlook}{}% 30
\BOOKMARK [1][-]{section.5.1}{Recapitulation}{chapter.5}% 31
\BOOKMARK [1][-]{section.5.2}{Future work}{chapter.5}% 32
\BOOKMARK [0][-]{section*.104}{Appendices}{}% 33
\BOOKMARK [0][-]{Appendix.1.A}{Code for point tracking}{}% 34
\BOOKMARK [0][-]{Appendix.1.B}{Code for painting EPIs}{}% 35
\BOOKMARK [0][-]{Appendix.1.C}{Code for inpainting sparse EPIs}{}% 36
\BOOKMARK [0][-]{Appendix.1.D}{Code for computing the depth map}{}% 37
